<?xml version="1.0" encoding="UTF-8"?>
<Site BuildName="Win32-mingw32-make"
	BuildStamp="20240512-0349-Experimental"
	Name="Gloaming-Realm"
	Generator="ctest-3.27.5"
	CompilerName="C:/mingw64/bin/g++.exe"
	CompilerVersion="13.2.0"
	OSName="Windows"
	Hostname="Gloaming-Realm"
	OSRelease=" Personal"
	OSVersion=" (Build 22631)"
	OSPlatform="AMD64"
	Is64Bits="1"
	VendorString="GenuineIntel"
	VendorID="Intel Corporation"
	FamilyID="6"
	ModelID="14"
	ProcessorCacheSize="-1"
	NumberOfLogicalCPU="12"
	NumberOfPhysicalCPU="6"
	TotalVirtualMemory="22844"
	TotalPhysicalMemory="16188"
	LogicalProcessorsPerPhysical="2"
	ProcessorClockFrequency="2592"
	>
	<Testing>
		<StartDateTime>May 13 01:43 [NON-UTF-8-BYTE-0xD6]й[NON-UTF-8-BYTE-0xFA][NON-UTF-8-BYTE-0xB1][NON-UTF-8-BYTE-0xEA]׼ʱ[NON-UTF-8-BYTE-0xBC][NON-UTF-8-BYTE-0xE4]</StartDateTime>
		<StartTestTime>1715535833</StartTestTime>
		<TestList>
			<Test>./bin/myTest</Test>
		</TestList>
		<Test Status="passed">
			<Name>myTest</Name>
			<Path>./bin</Path>
			<FullName>./bin/myTest</FullName>
			<FullCommandLine>F:\Documents\C++\MyProjects\Speech_Competition\build\bin\testExecutable.exe</FullCommandLine>
			<Results>
				<NamedMeasurement type="numeric/double" name="Execution Time">
					<Value>6.10197</Value>
				</NamedMeasurement>
				<NamedMeasurement type="numeric/double" name="Processors">
					<Value>1</Value>
				</NamedMeasurement>
				<NamedMeasurement type="text/string" name="Completion Status">
					<Value>Completed</Value>
				</NamedMeasurement>
				<NamedMeasurement type="text/string" name="Command Line">
					<Value>F:\Documents\C++\MyProjects\Speech_Competition\build\bin\testExecutable.exe</Value>
				</NamedMeasurement>
				<NamedMeasurement type="text/string" name="Environment">
					<Value>#CTEST_RESOURCE_GROUP_COUNT=</Value>
				</NamedMeasurement>
				<Measurement>
					<Value encoding="base64" compression="gzip">eJytk9FugjAUhu95ivMCNC22At6pmd4sbom7W5alg2PogpS01c0n2/2ebNWiEbMsIdnh7m/5zkdPieNLLZQ1DtYtYlHBXG9bdMop3cDaSePi64qul+e6carZ4ffX9fNPWxbK2F+lFqpRtorim1oX2uBMS1PerkRLo3ftdALRSm5xMpW1OsgKVg8TRmkKj/4bA9mpLSY04TEVMRsBZRM+gs3R49Ue6XlOMpFnsMZCNyVcZx3aKNnIjswGkLOcJJwLxnvsSxro80qaWjuHoQEb0iBNCadU5D3+OQz4mZFN6VHBPh8AH3MikiTty5/DAL9Xde3PpjOnQ+CJl0x4Jvr0cxqGO/PDvR37HxWc7mr1frkHYsi0GMnFiPWNzmFgL4082MthjobBMyay9BZ+Crtrtkdz6NB8CJr6uyry8UmcEBI9P1XKQusBoDfgKgSH/qfTO9fuHHxICwa3eo/eQjUFgnKAnwViacPmyqCtdF0e32a+MbwdPIC8RD//p2Fk====</Value>
				</Measurement>
			</Results>
		</Test>
		<EndDateTime>May 13 01:44 [NON-UTF-8-BYTE-0xD6]й[NON-UTF-8-BYTE-0xFA][NON-UTF-8-BYTE-0xB1][NON-UTF-8-BYTE-0xEA]׼ʱ[NON-UTF-8-BYTE-0xBC][NON-UTF-8-BYTE-0xE4]</EndDateTime>
		<EndTestTime>1715535840</EndTestTime>
		<ElapsedMinutes>0</ElapsedMinutes>
	</Testing>
</Site>
