Start testing: May 13 01:43 中国标准时间
----------------------------------------------------------
1/1 Testing: myTest
1/1 Test: myTest
Command: "F:/Documents/C++/MyProjects/Speech_Competition/build/bin/testExecutable.exe"
Directory: F:/Documents/C++/MyProjects/Speech_Competition/build/bin
"myTest" start time: May 13 01:43 中国标准时间
Output:
----------------------------------------------------------
-----------Fisrt Speech Competition Start-------------
Competition Continue路路路路路路路
Competition Continue路路路路路路路
Competition Continue路路路路路路路
First Speech Competition Finish
----------------ScoreBoard----------------
GroupA: 
Name:Aaliyah NO:1007 Partition time2024-05-13 01:43 first_score99.8598 Second score99.8598
Name:Ariana NO:1001 Partition time2024-05-13 01:43 first_score89.244514 Second score89.244514
Name:Charlotte NO:1011 Partition time2024-05-13 01:43 first_score77.40059 Second score77.40059
Name:Brandon NO:1009 Partition time2024-05-13 01:43 first_score64.52274 Second score64.52274
Name:Lillian NO:1010 Partition time2024-05-13 01:43 first_score62.402485 Second score62.402485
GroupB: 
-------------------------------------------
Name:Elijah NO:1005 Partition time2024-05-13 01:43 first_score81.95315 Second score81.95315
Name:Grayson NO:1003 Partition time2024-05-13 01:43 first_score81.81587 Second score81.81587
Name:Avery NO:1004 Partition time2024-05-13 01:43 first_score80.855965 Second score80.855965
Name:Amelia NO:1012 Partition time2024-05-13 01:43 first_score70.67161 Second score70.67161
Name:Grayson NO:1008 Partition time2024-05-13 01:43 first_score66.81349 Second score66.81349
Name:Mason NO:1006 Partition time2024-05-13 01:43 first_score64.8741 Second score64.8741
Name:Johnathan NO:1002 Partition time2024-05-13 01:43 first_score61.41004 Second score61.41004
-----------final speech competition start-------------competition continue路路路路路路路
competition continue路路路路路路路
competition continue路路路路路路路
Final Speech Competition Finish
----------------ScoreBoard----------------
GroupFinals: 
Name:Aaliyah NO:1007 Partition time2024-05-13 01:43 first_score76.24462 Second score76.24462
Name:Ariana NO:1001 Partition time2024-05-13 01:43 first_score91.11234 Second score91.11234
Name:Elijah NO:1005 Partition time2024-05-13 01:43 first_score89.98182 Second score89.98182
Name:Grayson NO:1003 Partition time2024-05-13 01:43 first_score67.834366 Second score67.834366
Name:Avery NO:1004 Partition time2024-05-13 01:43 first_score81.98501 Second score81.98501
Name:Amelia NO:1012 Partition time2024-05-13 01:43 first_score64.56288 Second score64.56288
-------------------------------------------
<end of output>
Test time =   6.10 sec
----------------------------------------------------------
Test Passed.
"myTest" end time: May 13 01:44 中国标准时间
"myTest" time elapsed: 00:00:06
----------------------------------------------------------

End testing: May 13 01:44 中国标准时间
